<?xml version="1.0" encoding="UTF-8"?>
<!-- Generated by org.testng.reporters.JUnitReportReporter -->
<testsuite hostname="DESKTOP-9TL849S" failures="0" tests="6" name="com.leaftaps_Tests.CreateLeadTest" time="16.222" errors="0" timestamp="2023-10-09T10:35:12 BDT" skipped="0">
  <testcase classname="com.leaftaps_Tests.CreateLeadTest" name="loginButton" time="1.513"/>
  <system-out/>
  <testcase classname="com.leaftaps_Tests.CreateLeadTest" name="enterButton" time="3.016"/>
  <system-out/>
  <testcase classname="com.leaftaps_Tests.CreateLeadTest" name="leadButton" time="6.617"/>
  <system-out/>
  <testcase classname="com.leaftaps_Tests.CreateLeadTest" name="contactInformantion" time="1.720"/>
  <system-out/>
  <testcase classname="com.leaftaps_Tests.CreateLeadTest" name="primaryAddress" time="1.585"/>
  <system-out/>
  <testcase classname="com.leaftaps_Tests.CreateLeadTest" name="createButton" time="1.771"/>
  <system-out/>
</testsuite> <!-- com.leaftaps_Tests.CreateLeadTest -->
